Removed Pin From Net: NetName=ANT1 Pin=VD1-1
Removed Pin From Net: NetName=ANT2 Pin=VD2-1
Removed Pin From Net: NetName=ANT3 Pin=VD3-1
Removed Pin From Net: NetName=ANT4 Pin=VD4-1
Removed Pin From Net: NetName=ANT5 Pin=VD5-1
Removed Pin From Net: NetName=ANT6 Pin=VD6-1
Removed Pin From Net: NetName=ANT7 Pin=VD7-1
Removed Pin From Net: NetName=ANT8 Pin=VD8-1
Added Component: Designator=R2(0805_MD_RESC2012X06N)
Add component (AddParameter): Name = "CompCode"; Value = ""; VariantName = "[No Variations]"
Added Component: Designator=R3(0805_MD_RESC2012X06N)
Add component (AddParameter): Name = "CompCode"; Value = ""; VariantName = "[No Variations]"
Added Component: Designator=R4(0805_MD_RESC2012X06N)
Add component (AddParameter): Name = "CompCode"; Value = ""; VariantName = "[No Variations]"
Added Component: Designator=R5(0805_MD_RESC2012X06N)
Add component (AddParameter): Name = "CompCode"; Value = ""; VariantName = "[No Variations]"
Added Component: Designator=R6(0805_MD_RESC2012X06N)
Add component (AddParameter): Name = "CompCode"; Value = ""; VariantName = "[No Variations]"
Added Component: Designator=R7(0805_MD_RESC2012X06N)
Add component (AddParameter): Name = "CompCode"; Value = ""; VariantName = "[No Variations]"
Added Component: Designator=R8(0805_MD_RESC2012X06N)
Add component (AddParameter): Name = "CompCode"; Value = ""; VariantName = "[No Variations]"
Added Component: Designator=R9(0805_MD_RESC2012X06N)
Add component (AddParameter): Name = "CompCode"; Value = ""; VariantName = "[No Variations]"
Added Pin To Net: NetName=ANT1 Pin=R2-1
Added Pin To Net: NetName=ANT2 Pin=R3-1
Added Pin To Net: NetName=ANT3 Pin=R4-1
Added Pin To Net: NetName=ANT4 Pin=R5-1
Added Pin To Net: NetName=ANT5 Pin=R6-1
Added Pin To Net: NetName=ANT6 Pin=R7-1
Added Pin To Net: NetName=ANT7 Pin=R8-1
Added Pin To Net: NetName=ANT8 Pin=R9-1
Added Pin To Net: NetName=NetR2_2 Pin=R2-2
Added Pin To Net: NetName=NetR2_2 Pin=VD1-1
Added Net: Name=NetR2_2
Added Pin To Net: NetName=NetR3_2 Pin=R3-2
Added Pin To Net: NetName=NetR3_2 Pin=VD2-1
Added Net: Name=NetR3_2
Added Pin To Net: NetName=NetR4_2 Pin=R4-2
Added Pin To Net: NetName=NetR4_2 Pin=VD3-1
Added Net: Name=NetR4_2
Added Pin To Net: NetName=NetR5_2 Pin=R5-2
Added Pin To Net: NetName=NetR5_2 Pin=VD4-1
Added Net: Name=NetR5_2
Added Pin To Net: NetName=NetR6_2 Pin=R6-2
Added Pin To Net: NetName=NetR6_2 Pin=VD5-1
Added Net: Name=NetR6_2
Added Pin To Net: NetName=NetR7_2 Pin=R7-2
Added Pin To Net: NetName=NetR7_2 Pin=VD6-1
Added Net: Name=NetR7_2
Added Pin To Net: NetName=NetR8_2 Pin=R8-2
Added Pin To Net: NetName=NetR8_2 Pin=VD7-1
Added Net: Name=NetR8_2
Added Pin To Net: NetName=NetR9_2 Pin=R9-2
Added Pin To Net: NetName=NetR9_2 Pin=VD8-1
Added Net: Name=NetR9_2
Added Member To Class: ClassName=DMA Member=Component ANT3 CELC
Added Member To Class: ClassName=DMA Member=Component ANT4 CELC
Added Member To Class: ClassName=DMA Member=Component ANT5 CELC
Added Member To Class: ClassName=DMA Member=Component ANT6 CELC
Added Member To Class: ClassName=DMA Member=Component ANT7 CELC
Added Member To Class: ClassName=DMA Member=Component ANT8 CELC
Added Member To Class: ClassName=DMA Member=Component C3 0.1uF
Added Member To Class: ClassName=DMA Member=Component J1 CONSMA003.062-L-G
Added Member To Class: ClassName=DMA Member=Component J2 CONSMA003.062-L-G
Added Member To Class: ClassName=DMA Member=Component J3 HX2.54-4P
Added Member To Class: ClassName=DMA Member=Component R2 100R
Added Member To Class: ClassName=DMA Member=Component R3 100R
Added Member To Class: ClassName=DMA Member=Component R4 100R
Added Member To Class: ClassName=DMA Member=Component R5 100R
Added Member To Class: ClassName=DMA Member=Component R6 100R
Added Member To Class: ClassName=DMA Member=Component R7 100R
Added Member To Class: ClassName=DMA Member=Component R8 100R
Added Member To Class: ClassName=DMA Member=Component R9 100R
Added Member To Class: ClassName=DMA Member=Component U1 AMS1117-3.3
Added Member To Class: ClassName=DMA Member=Component VD1 LED
Added Member To Class: ClassName=DMA Member=Component VD3 LED
Added Member To Class: ClassName=DMA Member=Component VD5 LED
Added Member To Class: ClassName=DMA Member=Component VD7 LED
