Removed Pin From Net: NetName=GND Pin=C1-2
Removed Pin From Net: NetName=GND Pin=C2-2
Removed Pin From Net: NetName=GND Pin=C3-2
Removed Pin From Net: NetName=GND Pin=J5-1
Removed Pin From Net: NetName=GND Pin=J?-2
Removed Pin From Net: NetName=GND Pin=J?-2
Removed Pin From Net: NetName=GND Pin=J?-3
Removed Pin From Net: NetName=GND Pin=J?-3
Removed Pin From Net: NetName=GND Pin=J?-4
Removed Pin From Net: NetName=GND Pin=J?-4
Removed Pin From Net: NetName=GND Pin=J?-5
Removed Pin From Net: NetName=GND Pin=J?-5
Removed Pin From Net: NetName=GND Pin=U1-1
Removed Pin From Net: NetName=GND Pin=U2-1
Removed Pin From Net: NetName=GND Pin=VD1-2
Removed Pin From Net: NetName=GND Pin=VD2-2
Removed Pin From Net: NetName=GND Pin=VD3-2
Removed Pin From Net: NetName=GND Pin=VD4-2
Removed Pin From Net: NetName=GND Pin=VD5-2
Removed Pin From Net: NetName=GND Pin=VD6-2
Removed Pin From Net: NetName=GND Pin=VD7-2
Removed Pin From Net: NetName=GND Pin=VD8-2
Added Pin To Net: NetName=GND Pin=J?-1
Added Pin To Net: NetName=GND Pin=J?-1
Change Net Name : Old Net Name=GND New Net Name=RF
Added Pin To Net: NetName=GND Pin=C1-2
Added Pin To Net: NetName=GND Pin=C2-2
Added Pin To Net: NetName=GND Pin=C3-2
Added Pin To Net: NetName=GND Pin=J5-1
Added Pin To Net: NetName=GND Pin=J?-2
Added Pin To Net: NetName=GND Pin=J?-2
Added Pin To Net: NetName=GND Pin=J?-3
Added Pin To Net: NetName=GND Pin=J?-3
Added Pin To Net: NetName=GND Pin=J?-4
Added Pin To Net: NetName=GND Pin=J?-4
Added Pin To Net: NetName=GND Pin=J?-5
Added Pin To Net: NetName=GND Pin=J?-5
Added Pin To Net: NetName=GND Pin=U1-1
Added Pin To Net: NetName=GND Pin=U2-1
Added Pin To Net: NetName=GND Pin=VD1-2
Added Pin To Net: NetName=GND Pin=VD2-2
Added Pin To Net: NetName=GND Pin=VD3-2
Added Pin To Net: NetName=GND Pin=VD4-2
Added Pin To Net: NetName=GND Pin=VD5-2
Added Pin To Net: NetName=GND Pin=VD6-2
Added Pin To Net: NetName=GND Pin=VD7-2
Added Pin To Net: NetName=GND Pin=VD8-2
Added Net: Name=GND
Added Member To Class: ClassName=DMA Member=Component J? CONSMA003.062-L-G
