Added Component: Designator=ANT1(PCBComponent_1)
Added Component: Designator=ANT2(PCBComponent_1)
Added Component: Designator=ANT3(PCBComponent_1)
Added Component: Designator=ANT4(PCBComponent_1)
Added Component: Designator=ANT5(PCBComponent_1)
Added Component: Designator=ANT6(PCBComponent_1)
Added Component: Designator=ANT7(PCBComponent_1)
Added Component: Designator=ANT8(PCBComponent_1)
Added Component: Designator=C1(0603_MD_CAPC1608X04N)
Add component (AddParameter): Name = "CompCode"; Value = "6915"; VariantName = "[No Variations]"
Added Component: Designator=C2(0603_MD_CAPC1608X04N)
Add component (AddParameter): Name = "CompCode"; Value = "6915"; VariantName = "[No Variations]"
Added Component: Designator=C3(0603_MD_CAPC1608X04N)
Add component (AddParameter): Name = "CompCode"; Value = ""; VariantName = "[No Variations]"
Added Component: Designator=D1(SOD323_LD_DIOM1713X11M)
Add component (AddParameter): Name = "CompCode"; Value = ""; VariantName = "[No Variations]"
Added Component: Designator=D2(SOD323_LD_DIOM1713X11M)
Add component (AddParameter): Name = "CompCode"; Value = ""; VariantName = "[No Variations]"
Added Component: Designator=D3(SOD323_LD_DIOM1713X11M)
Add component (AddParameter): Name = "CompCode"; Value = ""; VariantName = "[No Variations]"
Added Component: Designator=D4(SOD323_LD_DIOM1713X11M)
Add component (AddParameter): Name = "CompCode"; Value = ""; VariantName = "[No Variations]"
Added Component: Designator=D5(SOD323_LD_DIOM1713X11M)
Add component (AddParameter): Name = "CompCode"; Value = ""; VariantName = "[No Variations]"
Added Component: Designator=D6(SOD323_LD_DIOM1713X11M)
Add component (AddParameter): Name = "CompCode"; Value = ""; VariantName = "[No Variations]"
Added Component: Designator=D7(SOD323_LD_DIOM1713X11M)
Add component (AddParameter): Name = "CompCode"; Value = ""; VariantName = "[No Variations]"
Added Component: Designator=D8(SOD323_LD_DIOM1713X11M)
Add component (AddParameter): Name = "CompCode"; Value = ""; VariantName = "[No Variations]"
Added Component: Designator=D9(SOD323_LD_DIOM1713X11M)
Add component (AddParameter): Name = "CompCode"; Value = ""; VariantName = "[No Variations]"
Added Component: Designator=D10(SOD323_LD_DIOM1713X11M)
Add component (AddParameter): Name = "CompCode"; Value = ""; VariantName = "[No Variations]"
Added Component: Designator=D11(SOD323_LD_DIOM1713X11M)
Add component (AddParameter): Name = "CompCode"; Value = ""; VariantName = "[No Variations]"
Added Component: Designator=D12(SOD323_LD_DIOM1713X11M)
Add component (AddParameter): Name = "CompCode"; Value = ""; VariantName = "[No Variations]"
Added Component: Designator=D13(SOD323_LD_DIOM1713X11M)
Add component (AddParameter): Name = "CompCode"; Value = ""; VariantName = "[No Variations]"
Added Component: Designator=D14(SOD323_LD_DIOM1713X11M)
Add component (AddParameter): Name = "CompCode"; Value = ""; VariantName = "[No Variations]"
Added Component: Designator=D15(SOD323_LD_DIOM1713X11M)
Add component (AddParameter): Name = "CompCode"; Value = ""; VariantName = "[No Variations]"
Added Component: Designator=D16(SOD323_LD_DIOM1713X11M)
Add component (AddParameter): Name = "CompCode"; Value = ""; VariantName = "[No Variations]"
Added Component: Designator=D17(SOD123_MD_DIOM2615X12N)
Add component (AddParameter): Name = "CompCode"; Value = "453"; VariantName = "[No Variations]"
Added Component: Designator=J1(SMA)
Add component (AddParameter): Name = "CompCode"; Value = ""; VariantName = "[No Variations]"
Added Component: Designator=J2(SMA)
Add component (AddParameter): Name = "CompCode"; Value = ""; VariantName = "[No Variations]"
Added Component: Designator=J3(B4B-XH-A)
Add component (AddParameter): Name = "CompCode"; Value = "1615"; VariantName = "[No Variations]"
Added Component: Designator=J4(B4B-XH-A)
Add component (AddParameter): Name = "CompCode"; Value = "1615"; VariantName = "[No Variations]"
Added Component: Designator=J5(B2B-XH-A)
Add component (AddParameter): Name = "CompCode"; Value = "395"; VariantName = "[No Variations]"
Added Component: Designator=R1(0805_MD_RESC2012X06N)
Add component (AddParameter): Name = "CompCode"; Value = ""; VariantName = "[No Variations]"
Added Component: Designator=U1(SOT223_3_HD_SOT230P700X180-4L)
Add component (AddParameter): Name = "CompCode"; Value = "3597"; VariantName = "[No Variations]"
Add component (AddParameter): Name = "Datasheet"; Value = "Q:\Software\Altium\Datasheets\AMS1117.pdf"; VariantName = "[No Variations]"
Added Component: Designator=U2(SOP65P640X110-20N)
Add component (AddParameter): Name = "Check_prices"; Value = "https://www.snapeda.com/parts/GTL2003PW,118/NXP%20USA%20Inc./view-part/481710/?ref=eda"; VariantName = "[No Variations]"
Add component (AddParameter): Name = "Digi-Key_Part_Number"; Value = "568-12295-1-ND"; VariantName = "[No Variations]"
Add component (AddParameter): Name = "MF"; Value = "NXP USA"; VariantName = "[No Variations]"
Add component (AddParameter): Name = "MP"; Value = "GTL2003PW,118"; VariantName = "[No Variations]"
Add component (AddParameter): Name = "Package"; Value = "TSSOP-20 NXP Semiconductors"; VariantName = "[No Variations]"
Add component (AddParameter): Name = "Purchase-URL"; Value = "https://pricing.snapeda.com/search/part/GTL2003PW,118/?ref=eda"; VariantName = "[No Variations]"
Add component (AddParameter): Name = "SnapEDA_Link"; Value = "https://www.snapeda.com/parts/GTL2003PW,118/NXP%20USA%20Inc./view-part/481710/?ref=snap"; VariantName = "[No Variations]"
Add component (AddParameter): Name = "Value"; Value = ""; VariantName = "[No Variations]"
Added Component: Designator=VD1(D0805)
Add component (AddParameter): Name = "CompCode"; Value = ""; VariantName = "[No Variations]"
Add component (AddParameter): Name = "DeviceName"; Value = ""; VariantName = "[No Variations]"
Add component (AddParameter): Name = "DeviceSetName"; Value = "LED_3MM_DIP_BLUE"; VariantName = "[No Variations]"
Add component (AddParameter): Name = "GateName_1"; Value = "PART_1"; VariantName = "[No Variations]"
Add component (AddParameter): Name = "LibraryName"; Value = "LED"; VariantName = "[No Variations]"
Add component (AddParameter): Name = "Package"; Value = "LED_3mm_DIP_Blue"; VariantName = "[No Variations]"
Add component (AddParameter): Name = "SymbolName_1"; Value = "LED_1204_R/A"; VariantName = "[No Variations]"
Added Component: Designator=VD2(D0805)
Add component (AddParameter): Name = "CompCode"; Value = ""; VariantName = "[No Variations]"
Add component (AddParameter): Name = "DeviceName"; Value = ""; VariantName = "[No Variations]"
Add component (AddParameter): Name = "DeviceSetName"; Value = "LED_3MM_DIP_BLUE"; VariantName = "[No Variations]"
Add component (AddParameter): Name = "GateName_1"; Value = "PART_1"; VariantName = "[No Variations]"
Add component (AddParameter): Name = "LibraryName"; Value = "LED"; VariantName = "[No Variations]"
Add component (AddParameter): Name = "Package"; Value = "LED_3mm_DIP_Blue"; VariantName = "[No Variations]"
Add component (AddParameter): Name = "SymbolName_1"; Value = "LED_1204_R/A"; VariantName = "[No Variations]"
Added Component: Designator=VD3(D0805)
Add component (AddParameter): Name = "CompCode"; Value = ""; VariantName = "[No Variations]"
Add component (AddParameter): Name = "DeviceName"; Value = ""; VariantName = "[No Variations]"
Add component (AddParameter): Name = "DeviceSetName"; Value = "LED_3MM_DIP_BLUE"; VariantName = "[No Variations]"
Add component (AddParameter): Name = "GateName_1"; Value = "PART_1"; VariantName = "[No Variations]"
Add component (AddParameter): Name = "LibraryName"; Value = "LED"; VariantName = "[No Variations]"
Add component (AddParameter): Name = "Package"; Value = "LED_3mm_DIP_Blue"; VariantName = "[No Variations]"
Add component (AddParameter): Name = "SymbolName_1"; Value = "LED_1204_R/A"; VariantName = "[No Variations]"
Added Component: Designator=VD4(D0805)
Add component (AddParameter): Name = "CompCode"; Value = ""; VariantName = "[No Variations]"
Add component (AddParameter): Name = "DeviceName"; Value = ""; VariantName = "[No Variations]"
Add component (AddParameter): Name = "DeviceSetName"; Value = "LED_3MM_DIP_BLUE"; VariantName = "[No Variations]"
Add component (AddParameter): Name = "GateName_1"; Value = "PART_1"; VariantName = "[No Variations]"
Add component (AddParameter): Name = "LibraryName"; Value = "LED"; VariantName = "[No Variations]"
Add component (AddParameter): Name = "Package"; Value = "LED_3mm_DIP_Blue"; VariantName = "[No Variations]"
Add component (AddParameter): Name = "SymbolName_1"; Value = "LED_1204_R/A"; VariantName = "[No Variations]"
Added Component: Designator=VD5(D0805)
Add component (AddParameter): Name = "CompCode"; Value = ""; VariantName = "[No Variations]"
Add component (AddParameter): Name = "DeviceName"; Value = ""; VariantName = "[No Variations]"
Add component (AddParameter): Name = "DeviceSetName"; Value = "LED_3MM_DIP_BLUE"; VariantName = "[No Variations]"
Add component (AddParameter): Name = "GateName_1"; Value = "PART_1"; VariantName = "[No Variations]"
Add component (AddParameter): Name = "LibraryName"; Value = "LED"; VariantName = "[No Variations]"
Add component (AddParameter): Name = "Package"; Value = "LED_3mm_DIP_Blue"; VariantName = "[No Variations]"
Add component (AddParameter): Name = "SymbolName_1"; Value = "LED_1204_R/A"; VariantName = "[No Variations]"
Added Component: Designator=VD6(D0805)
Add component (AddParameter): Name = "CompCode"; Value = ""; VariantName = "[No Variations]"
Add component (AddParameter): Name = "DeviceName"; Value = ""; VariantName = "[No Variations]"
Add component (AddParameter): Name = "DeviceSetName"; Value = "LED_3MM_DIP_BLUE"; VariantName = "[No Variations]"
Add component (AddParameter): Name = "GateName_1"; Value = "PART_1"; VariantName = "[No Variations]"
Add component (AddParameter): Name = "LibraryName"; Value = "LED"; VariantName = "[No Variations]"
Add component (AddParameter): Name = "Package"; Value = "LED_3mm_DIP_Blue"; VariantName = "[No Variations]"
Add component (AddParameter): Name = "SymbolName_1"; Value = "LED_1204_R/A"; VariantName = "[No Variations]"
Added Component: Designator=VD7(D0805)
Add component (AddParameter): Name = "CompCode"; Value = ""; VariantName = "[No Variations]"
Add component (AddParameter): Name = "DeviceName"; Value = ""; VariantName = "[No Variations]"
Add component (AddParameter): Name = "DeviceSetName"; Value = "LED_3MM_DIP_BLUE"; VariantName = "[No Variations]"
Add component (AddParameter): Name = "GateName_1"; Value = "PART_1"; VariantName = "[No Variations]"
Add component (AddParameter): Name = "LibraryName"; Value = "LED"; VariantName = "[No Variations]"
Add component (AddParameter): Name = "Package"; Value = "LED_3mm_DIP_Blue"; VariantName = "[No Variations]"
Add component (AddParameter): Name = "SymbolName_1"; Value = "LED_1204_R/A"; VariantName = "[No Variations]"
Added Component: Designator=VD8(D0805)
Add component (AddParameter): Name = "CompCode"; Value = ""; VariantName = "[No Variations]"
Add component (AddParameter): Name = "DeviceName"; Value = ""; VariantName = "[No Variations]"
Add component (AddParameter): Name = "DeviceSetName"; Value = "LED_3MM_DIP_BLUE"; VariantName = "[No Variations]"
Add component (AddParameter): Name = "GateName_1"; Value = "PART_1"; VariantName = "[No Variations]"
Add component (AddParameter): Name = "LibraryName"; Value = "LED"; VariantName = "[No Variations]"
Add component (AddParameter): Name = "Package"; Value = "LED_3mm_DIP_Blue"; VariantName = "[No Variations]"
Add component (AddParameter): Name = "SymbolName_1"; Value = "LED_1204_R/A"; VariantName = "[No Variations]"
Added Pin To Net: NetName=1.2V Pin=C2-1
Added Pin To Net: NetName=1.2V Pin=U1-2
Added Pin To Net: NetName=1.2V Pin=U1-2
Added Pin To Net: NetName=1.2V Pin=U2-2
Added Net: Name=1.2V
Added Pin To Net: NetName=3.3V Pin=D17-2
Added Net: Name=3.3V
Added Pin To Net: NetName=ANT1 Pin=ANT3-1
Added Pin To Net: NetName=ANT1 Pin=D1-2
Added Pin To Net: NetName=ANT1 Pin=D2-2
Added Pin To Net: NetName=ANT1 Pin=U2-3
Added Pin To Net: NetName=ANT1 Pin=VD1-1
Added Net: Name=ANT1
Added Pin To Net: NetName=ANT2 Pin=ANT4-1
Added Pin To Net: NetName=ANT2 Pin=D3-2
Added Pin To Net: NetName=ANT2 Pin=D4-2
Added Pin To Net: NetName=ANT2 Pin=U2-4
Added Pin To Net: NetName=ANT2 Pin=VD2-1
Added Net: Name=ANT2
Added Pin To Net: NetName=ANT3 Pin=ANT5-1
Added Pin To Net: NetName=ANT3 Pin=D5-2
Added Pin To Net: NetName=ANT3 Pin=D6-2
Added Pin To Net: NetName=ANT3 Pin=U2-5
Added Pin To Net: NetName=ANT3 Pin=VD3-1
Added Net: Name=ANT3
Added Pin To Net: NetName=ANT4 Pin=ANT6-1
Added Pin To Net: NetName=ANT4 Pin=D7-2
Added Pin To Net: NetName=ANT4 Pin=D8-2
Added Pin To Net: NetName=ANT4 Pin=U2-6
Added Pin To Net: NetName=ANT4 Pin=VD4-1
Added Net: Name=ANT4
Added Pin To Net: NetName=ANT5 Pin=ANT7-1
Added Pin To Net: NetName=ANT5 Pin=D9-2
Added Pin To Net: NetName=ANT5 Pin=D10-2
Added Pin To Net: NetName=ANT5 Pin=U2-7
Added Pin To Net: NetName=ANT5 Pin=VD5-1
Added Net: Name=ANT5
Added Pin To Net: NetName=ANT6 Pin=ANT8-1
Added Pin To Net: NetName=ANT6 Pin=D11-2
Added Pin To Net: NetName=ANT6 Pin=D12-2
Added Pin To Net: NetName=ANT6 Pin=U2-8
Added Pin To Net: NetName=ANT6 Pin=VD6-1
Added Net: Name=ANT6
Added Pin To Net: NetName=ANT7 Pin=ANT1-1
Added Pin To Net: NetName=ANT7 Pin=D13-2
Added Pin To Net: NetName=ANT7 Pin=D14-2
Added Pin To Net: NetName=ANT7 Pin=U2-9
Added Pin To Net: NetName=ANT7 Pin=VD7-1
Added Net: Name=ANT7
Added Pin To Net: NetName=ANT8 Pin=ANT2-1
Added Pin To Net: NetName=ANT8 Pin=D15-2
Added Pin To Net: NetName=ANT8 Pin=D16-2
Added Pin To Net: NetName=ANT8 Pin=U2-10
Added Pin To Net: NetName=ANT8 Pin=VD8-1
Added Net: Name=ANT8
Added Pin To Net: NetName=GND Pin=ANT1-2
Added Pin To Net: NetName=GND Pin=ANT1-2
Added Pin To Net: NetName=GND Pin=ANT1-2
Added Pin To Net: NetName=GND Pin=ANT1-2
Added Pin To Net: NetName=GND Pin=ANT2-2
Added Pin To Net: NetName=GND Pin=ANT2-2
Added Pin To Net: NetName=GND Pin=ANT2-2
Added Pin To Net: NetName=GND Pin=ANT2-2
Added Pin To Net: NetName=GND Pin=ANT3-2
Added Pin To Net: NetName=GND Pin=ANT3-2
Added Pin To Net: NetName=GND Pin=ANT3-2
Added Pin To Net: NetName=GND Pin=ANT3-2
Added Pin To Net: NetName=GND Pin=ANT4-2
Added Pin To Net: NetName=GND Pin=ANT4-2
Added Pin To Net: NetName=GND Pin=ANT4-2
Added Pin To Net: NetName=GND Pin=ANT4-2
Added Pin To Net: NetName=GND Pin=ANT5-2
Added Pin To Net: NetName=GND Pin=ANT5-2
Added Pin To Net: NetName=GND Pin=ANT5-2
Added Pin To Net: NetName=GND Pin=ANT5-2
Added Pin To Net: NetName=GND Pin=ANT6-2
Added Pin To Net: NetName=GND Pin=ANT6-2
Added Pin To Net: NetName=GND Pin=ANT6-2
Added Pin To Net: NetName=GND Pin=ANT6-2
Added Pin To Net: NetName=GND Pin=ANT7-2
Added Pin To Net: NetName=GND Pin=ANT7-2
Added Pin To Net: NetName=GND Pin=ANT7-2
Added Pin To Net: NetName=GND Pin=ANT7-2
Added Pin To Net: NetName=GND Pin=ANT8-2
Added Pin To Net: NetName=GND Pin=ANT8-2
Added Pin To Net: NetName=GND Pin=ANT8-2
Added Pin To Net: NetName=GND Pin=ANT8-2
Added Pin To Net: NetName=GND Pin=C1-2
Added Pin To Net: NetName=GND Pin=C2-2
Added Pin To Net: NetName=GND Pin=C3-2
Added Pin To Net: NetName=GND Pin=D1-1
Added Pin To Net: NetName=GND Pin=D2-1
Added Pin To Net: NetName=GND Pin=D3-1
Added Pin To Net: NetName=GND Pin=D4-1
Added Pin To Net: NetName=GND Pin=D5-1
Added Pin To Net: NetName=GND Pin=D6-1
Added Pin To Net: NetName=GND Pin=D7-1
Added Pin To Net: NetName=GND Pin=D8-1
Added Pin To Net: NetName=GND Pin=D9-1
Added Pin To Net: NetName=GND Pin=D10-1
Added Pin To Net: NetName=GND Pin=D11-1
Added Pin To Net: NetName=GND Pin=D12-1
Added Pin To Net: NetName=GND Pin=D13-1
Added Pin To Net: NetName=GND Pin=D14-1
Added Pin To Net: NetName=GND Pin=D15-1
Added Pin To Net: NetName=GND Pin=D16-1
Added Pin To Net: NetName=GND Pin=J1-1
Added Pin To Net: NetName=GND Pin=J1-1
Added Pin To Net: NetName=GND Pin=J1-1
Added Pin To Net: NetName=GND Pin=J1-1
Added Pin To Net: NetName=GND Pin=J2-1
Added Pin To Net: NetName=GND Pin=J2-1
Added Pin To Net: NetName=GND Pin=J2-1
Added Pin To Net: NetName=GND Pin=J2-1
Added Pin To Net: NetName=GND Pin=J5-1
Added Pin To Net: NetName=GND Pin=U1-1
Added Pin To Net: NetName=GND Pin=U2-1
Added Pin To Net: NetName=GND Pin=VD1-2
Added Pin To Net: NetName=GND Pin=VD2-2
Added Pin To Net: NetName=GND Pin=VD3-2
Added Pin To Net: NetName=GND Pin=VD4-2
Added Pin To Net: NetName=GND Pin=VD5-2
Added Pin To Net: NetName=GND Pin=VD6-2
Added Pin To Net: NetName=GND Pin=VD7-2
Added Pin To Net: NetName=GND Pin=VD8-2
Added Net: Name=GND
Added Pin To Net: NetName=NetC1_1 Pin=C1-1
Added Pin To Net: NetName=NetC1_1 Pin=D17-1
Added Pin To Net: NetName=NetC1_1 Pin=U1-3
Added Net: Name=NetC1_1
Added Pin To Net: NetName=NetC3_1 Pin=C3-1
Added Pin To Net: NetName=NetC3_1 Pin=R1-2
Added Pin To Net: NetName=NetC3_1 Pin=U2-19
Added Pin To Net: NetName=NetC3_1 Pin=U2-20
Added Net: Name=NetC3_1
Added Pin To Net: NetName=NetJ3_1 Pin=J3-1
Added Pin To Net: NetName=NetJ3_1 Pin=U2-18
Added Net: Name=NetJ3_1
Added Pin To Net: NetName=NetJ3_2 Pin=J3-2
Added Pin To Net: NetName=NetJ3_2 Pin=U2-17
Added Net: Name=NetJ3_2
Added Pin To Net: NetName=NetJ3_3 Pin=J3-3
Added Pin To Net: NetName=NetJ3_3 Pin=U2-16
Added Net: Name=NetJ3_3
Added Pin To Net: NetName=NetJ3_4 Pin=J3-4
Added Pin To Net: NetName=NetJ3_4 Pin=U2-15
Added Net: Name=NetJ3_4
Added Pin To Net: NetName=NetJ4_1 Pin=J4-1
Added Pin To Net: NetName=NetJ4_1 Pin=U2-14
Added Net: Name=NetJ4_1
Added Pin To Net: NetName=NetJ4_2 Pin=J4-2
Added Pin To Net: NetName=NetJ4_2 Pin=U2-13
Added Net: Name=NetJ4_2
Added Pin To Net: NetName=NetJ4_3 Pin=J4-3
Added Pin To Net: NetName=NetJ4_3 Pin=U2-12
Added Net: Name=NetJ4_3
Added Pin To Net: NetName=NetJ4_4 Pin=J4-4
Added Pin To Net: NetName=NetJ4_4 Pin=U2-11
Added Net: Name=NetJ4_4
Added Pin To Net: NetName=NetJ5_2 Pin=J5-2
Added Pin To Net: NetName=NetJ5_2 Pin=R1-1
Added Net: Name=NetJ5_2
Added Pin To Net: NetName=RF Pin=J1-2
Added Pin To Net: NetName=RF Pin=J2-2
Added Net: Name=RF
Added Class: Name=DMA
