Removed Pin From Net: NetName=3V3 Pin=C4-1
Removed Pin From Net: NetName=3V3 Pin=C7-1
Removed Pin From Net: NetName=3V3 Pin=C8-1
Removed Pin From Net: NetName=3V3 Pin=C9-1
Removed Pin From Net: NetName=3V3 Pin=C10-1
Removed Pin From Net: NetName=3V3 Pin=C11-1
Removed Pin From Net: NetName=3V3 Pin=C12-2
Removed Pin From Net: NetName=3V3 Pin=C13-2
Removed Pin From Net: NetName=3V3 Pin=C14-2
Removed Pin From Net: NetName=3V3 Pin=C16-1
Removed Pin From Net: NetName=3V3 Pin=C17-1
Removed Pin From Net: NetName=3V3 Pin=C21-1
Removed Pin From Net: NetName=3V3 Pin=J4-2
Removed Pin From Net: NetName=3V3 Pin=J6-1
Removed Pin From Net: NetName=3V3 Pin=L1-2
Removed Pin From Net: NetName=3V3 Pin=L2-1
Removed Pin From Net: NetName=3V3 Pin=R1-2
Removed Pin From Net: NetName=3V3 Pin=R4-2
Removed Pin From Net: NetName=3V3 Pin=R5-2
Removed Pin From Net: NetName=3V3 Pin=R13-2
Removed Pin From Net: NetName=3V3 Pin=U1-15
Removed Pin From Net: NetName=3V3 Pin=U1-19
Removed Pin From Net: NetName=3V3 Pin=U1-20
Removed Pin From Net: NetName=3V3 Pin=U1-25
Removed Pin From Net: NetName=3V3 Pin=U1-28
Removed Pin From Net: NetName=3V3 Pin=U2-9
Removed Pin From Net: NetName=3V3 Pin=U2-24
Added Component: Designator=D1(SOD123_MD_DIOM2615X12N)
Add Pin To Net: Unknown Pin: Pin D1-1
Add Pin To Net: Unknown Pin: Pin D1-2
Add Pin To Net: Unknown Pin: Pin U2-34
Add Pin To Net: Unknown Pin: Pin U2-35
Add Pin To Net: Unknown Pin: Pin U2-37
Add Pin To Net: Unknown Pin: Pin U2-39
Add Pin To Net: Unknown Pin: Pin U2-42
Add Pin To Net: Unknown Pin: Pin U2-44
Add Pin To Net: Unknown Pin: Pin U2-47
Add Pin To Net: Unknown Pin: Pin VD1-2
Add Pin To Net: Unknown Pin: Pin VD2-2
Change Net Name : Old Net Name=3V3 New Net Name=GND
Added Pin To Net: NetName=3V3 Pin=C4-1
Added Pin To Net: NetName=3V3 Pin=C7-1
Added Pin To Net: NetName=3V3 Pin=C8-1
Added Pin To Net: NetName=3V3 Pin=C9-1
Added Pin To Net: NetName=3V3 Pin=C10-1
Added Pin To Net: NetName=3V3 Pin=C11-1
Added Pin To Net: NetName=3V3 Pin=C12-2
Added Pin To Net: NetName=3V3 Pin=C13-2
Added Pin To Net: NetName=3V3 Pin=C14-2
Added Pin To Net: NetName=3V3 Pin=C16-1
Added Pin To Net: NetName=3V3 Pin=C17-1
Added Pin To Net: NetName=3V3 Pin=C21-1
Added Pin To Net: NetName=3V3 Pin=J4-2
Added Pin To Net: NetName=3V3 Pin=J6-1
Added Pin To Net: NetName=3V3 Pin=L1-2
Added Pin To Net: NetName=3V3 Pin=L2-1
Added Pin To Net: NetName=3V3 Pin=R1-2
Added Pin To Net: NetName=3V3 Pin=R4-2
Added Pin To Net: NetName=3V3 Pin=R5-2
Added Pin To Net: NetName=3V3 Pin=R13-2
Added Pin To Net: NetName=3V3 Pin=U1-15
Added Pin To Net: NetName=3V3 Pin=U1-19
Added Pin To Net: NetName=3V3 Pin=U1-20
Added Pin To Net: NetName=3V3 Pin=U1-25
Added Pin To Net: NetName=3V3 Pin=U1-28
Added Pin To Net: NetName=3V3 Pin=U2-9
Added Pin To Net: NetName=3V3 Pin=U2-24
Added Net: Name=3V3
Add Class Member: Failed to add class member : Component D1 SD103AW
